<?xml version="1.0" encoding="UTF-8"?>
<testng-results ignored="0" total="3" passed="3" failed="0" skipped="0">
  <reporter-output>
  </reporter-output>
  <suite started-at="2023-02-06T13:53:35 IST" name="BlazeDemoSuite" finished-at="2023-02-06T13:54:39 IST" duration-ms="63632">
    <groups>
    </groups>
    <test started-at="2023-02-06T13:53:35 IST" name="TC_002_BookFlight" finished-at="2023-02-06T13:54:03 IST" duration-ms="27788">
      <class name="testcases.TC_002_BookFlight">
        <test-method is-config="true" signature="setUp(java.lang.String)[pri:0, instance:testcases.TC_002_BookFlight@33d512c1]" started-at="2023-02-06T13:53:35 IST" name="setUp" finished-at="2023-02-06T13:53:44 IST" duration-ms="9357" status="PASS">
          <params>
            <param index="0">
              <value>
                <![CDATA[Chrome]]>
              </value>
            </param>
          </params>
          <reporter-output>
          </reporter-output>
        </test-method> <!-- setUp -->
        <test-method signature="TC_002_BookFlight()[pri:0, instance:testcases.TC_002_BookFlight@33d512c1]" started-at="2023-02-06T13:53:44 IST" name="TC_002_BookFlight" finished-at="2023-02-06T13:54:03 IST" duration-ms="18415" status="PASS">
          <reporter-output>
          </reporter-output>
        </test-method> <!-- TC_002_BookFlight -->
        <test-method is-config="true" signature="tearDown()[pri:0, instance:testcases.TC_002_BookFlight@33d512c1]" started-at="2023-02-06T13:54:03 IST" name="tearDown" finished-at="2023-02-06T13:54:03 IST" duration-ms="1" status="PASS">
          <reporter-output>
          </reporter-output>
        </test-method> <!-- tearDown -->
      </class> <!-- testcases.TC_002_BookFlight -->
    </test> <!-- TC_002_BookFlight -->
    <test started-at="2023-02-06T13:54:03 IST" name="TC_001_Login" finished-at="2023-02-06T13:54:18 IST" duration-ms="15305">
      <class name="testcases.TC_001_Login">
        <test-method is-config="true" signature="setUp(java.lang.String)[pri:0, instance:testcases.TC_001_Login@77c2494c]" started-at="2023-02-06T13:54:03 IST" name="setUp" finished-at="2023-02-06T13:54:10 IST" duration-ms="7034" status="PASS">
          <params>
            <param index="0">
              <value>
                <![CDATA[Chrome]]>
              </value>
            </param>
          </params>
          <reporter-output>
          </reporter-output>
        </test-method> <!-- setUp -->
        <test-method signature="TC_001_Login()[pri:0, instance:testcases.TC_001_Login@77c2494c]" started-at="2023-02-06T13:54:10 IST" name="TC_001_Login" finished-at="2023-02-06T13:54:18 IST" duration-ms="8269" status="PASS">
          <reporter-output>
          </reporter-output>
        </test-method> <!-- TC_001_Login -->
        <test-method is-config="true" signature="tearDown()[pri:0, instance:testcases.TC_001_Login@77c2494c]" started-at="2023-02-06T13:54:18 IST" name="tearDown" finished-at="2023-02-06T13:54:18 IST" duration-ms="0" status="PASS">
          <reporter-output>
          </reporter-output>
        </test-method> <!-- tearDown -->
      </class> <!-- testcases.TC_001_Login -->
    </test> <!-- TC_001_Login -->
    <test started-at="2023-02-06T13:54:18 IST" name="TC_003_Register" finished-at="2023-02-06T13:54:39 IST" duration-ms="20508">
      <class name="testcases.TC_003_Register">
        <test-method is-config="true" signature="setUp(java.lang.String)[pri:0, instance:testcases.TC_003_Register@6f03482]" started-at="2023-02-06T13:54:18 IST" name="setUp" finished-at="2023-02-06T13:54:25 IST" duration-ms="6745" status="PASS">
          <params>
            <param index="0">
              <value>
                <![CDATA[Chrome]]>
              </value>
            </param>
          </params>
          <reporter-output>
          </reporter-output>
        </test-method> <!-- setUp -->
        <test-method signature="TC_003_Register()[pri:0, instance:testcases.TC_003_Register@6f03482]" started-at="2023-02-06T13:54:25 IST" name="TC_003_Register" finished-at="2023-02-06T13:54:39 IST" duration-ms="13760" status="PASS">
          <reporter-output>
          </reporter-output>
        </test-method> <!-- TC_003_Register -->
        <test-method is-config="true" signature="tearDown()[pri:0, instance:testcases.TC_003_Register@6f03482]" started-at="2023-02-06T13:54:39 IST" name="tearDown" finished-at="2023-02-06T13:54:39 IST" duration-ms="0" status="PASS">
          <reporter-output>
          </reporter-output>
        </test-method> <!-- tearDown -->
      </class> <!-- testcases.TC_003_Register -->
    </test> <!-- TC_003_Register -->
  </suite> <!-- BlazeDemoSuite -->
</testng-results>
